TN:
SF:src/ejercicio-2/FileAnalize.ts
FN:16,<instance_members_initializer>
FN:20,FileAnalize
FN:38,fileCheck
FN:54,fileInfo
FN:84,get error
FN:87,set error
FNF:6
FNH:6
FNDA:4,<instance_members_initializer>
FNDA:4,FileAnalize
FNDA:4,fileCheck
FNDA:9,fileInfo
FNDA:17,get error
FNDA:5,set error
DA:1,1
DA:2,1
DA:3,1
DA:4,1
DA:5,1
DA:6,1
DA:7,1
DA:8,1
DA:9,1
DA:10,1
DA:11,1
DA:12,1
DA:13,1
DA:14,1
DA:15,1
DA:16,4
DA:17,4
DA:18,4
DA:19,4
DA:20,4
DA:21,4
DA:22,4
DA:23,4
DA:24,4
DA:25,4
DA:26,4
DA:27,3
DA:28,9
DA:29,3
DA:30,3
DA:31,4
DA:32,4
DA:33,4
DA:34,4
DA:35,4
DA:36,4
DA:37,4
DA:38,4
DA:39,4
DA:40,1
DA:41,1
DA:42,4
DA:43,3
DA:44,3
DA:45,4
DA:46,4
DA:47,4
DA:48,4
DA:49,4
DA:50,4
DA:51,4
DA:52,4
DA:53,4
DA:54,4
DA:55,9
DA:56,9
DA:57,1
DA:58,1
DA:59,1
DA:60,9
DA:61,6
DA:62,6
DA:63,6
DA:64,6
DA:65,6
DA:66,6
DA:67,6
DA:68,6
DA:69,6
DA:70,2
DA:71,2
DA:72,6
DA:73,2
DA:74,2
DA:75,6
DA:76,2
DA:77,2
DA:78,6
DA:79,6
DA:80,6
DA:81,9
DA:82,9
DA:83,4
DA:84,4
DA:85,17
DA:86,17
DA:87,4
DA:88,5
DA:89,5
DA:90,4
LF:90
LH:90
BRDA:16,0,0,4
BRDA:20,1,0,4
BRDA:26,2,0,3
BRDA:27,3,0,9
BRDA:38,4,0,4
BRDA:39,5,0,3
BRDA:39,6,0,1
BRDA:42,7,0,3
BRDA:54,8,0,9
BRDA:55,9,0,9
BRDA:56,10,0,3
BRDA:56,11,0,1
BRDA:60,12,0,8
BRDA:60,13,0,6
BRDA:63,14,0,6
BRDA:66,15,0,6
BRDA:69,16,0,2
BRDA:69,17,0,0
BRDA:72,18,0,2
BRDA:72,19,0,0
BRDA:75,20,0,2
BRDA:75,21,0,0
BRDA:84,22,0,17
BRDA:87,23,0,5
BRF:24
BRH:21
end_of_record
TN:
SF:src/ejercicio-2/FileAnalizePipe.ts
FN:16,<instance_members_initializer>
FN:19,FileAnalizePipe
FN:37,fileCheck
FN:53,fileInfo
FN:85,get error
FN:88,set error
FNF:6
FNH:6
FNDA:4,<instance_members_initializer>
FNDA:4,FileAnalizePipe
FNDA:4,fileCheck
FNDA:9,fileInfo
FNDA:17,get error
FNDA:5,set error
DA:1,1
DA:2,1
DA:3,1
DA:4,1
DA:5,1
DA:6,1
DA:7,1
DA:8,1
DA:9,1
DA:10,1
DA:11,1
DA:12,1
DA:13,1
DA:14,1
DA:15,1
DA:16,4
DA:17,4
DA:18,4
DA:19,4
DA:20,4
DA:21,4
DA:22,4
DA:23,4
DA:24,4
DA:25,4
DA:26,3
DA:27,9
DA:28,3
DA:29,3
DA:30,4
DA:31,4
DA:32,4
DA:33,4
DA:34,4
DA:35,4
DA:36,4
DA:37,4
DA:38,4
DA:39,1
DA:40,1
DA:41,4
DA:42,3
DA:43,3
DA:44,4
DA:45,4
DA:46,4
DA:47,4
DA:48,4
DA:49,4
DA:50,4
DA:51,4
DA:52,4
DA:53,4
DA:54,9
DA:55,9
DA:56,1
DA:57,1
DA:58,1
DA:59,9
DA:60,6
DA:61,6
DA:62,6
DA:63,6
DA:64,6
DA:65,6
DA:66,6
DA:67,6
DA:68,6
DA:69,6
DA:70,6
DA:71,2
DA:72,2
DA:73,6
DA:74,2
DA:75,2
DA:76,6
DA:77,2
DA:78,2
DA:79,6
DA:80,6
DA:81,6
DA:82,9
DA:83,9
DA:84,4
DA:85,4
DA:86,17
DA:87,17
DA:88,4
DA:89,5
DA:90,5
DA:91,4
LF:91
LH:91
BRDA:16,0,0,4
BRDA:19,1,0,4
BRDA:25,2,0,3
BRDA:26,3,0,9
BRDA:37,4,0,4
BRDA:38,5,0,3
BRDA:38,6,0,1
BRDA:41,7,0,3
BRDA:53,8,0,9
BRDA:54,9,0,9
BRDA:55,10,0,3
BRDA:55,11,0,1
BRDA:59,12,0,8
BRDA:59,13,0,6
BRDA:64,14,0,6
BRDA:67,15,0,6
BRDA:70,16,0,2
BRDA:70,17,0,0
BRDA:73,18,0,2
BRDA:73,19,0,0
BRDA:76,20,0,2
BRDA:76,21,0,0
BRDA:85,22,0,17
BRDA:88,23,0,5
BRF:24
BRH:21
end_of_record
